<?xml version="1.0" encoding="UTF-8"?>
<!-- Generated by org.testng.reporters.JUnitReportReporter -->
<testsuite hostname="HariDarshana" failures="0" tests="1" name="testCases.Login_testCase" time="34.159" errors="0" timestamp="2022-12-03T01:39:53 CST" skipped="0">
  <testcase classname="testCases.Login_testCase" name="login" time="34.159"/>
  <system-out/>
</testsuite> <!-- testCases.Login_testCase -->
