<?xml version="1.0" encoding="UTF-8"?>
<!-- Generated by org.testng.reporters.JUnitReportReporter -->
<testsuite hostname="HariDarshana" failures="0" tests="1" name="testCases.Update_testCase" time="24.494" errors="0" timestamp="2022-11-28T18:33:47 CST" skipped="0">
  <testcase classname="testCases.Update_testCase" name="update" time="24.494"/>
  <system-out/>
</testsuite> <!-- testCases.Update_testCase -->
